This is pdfTeX, Version 3.14159265-2.6-1.40.20 (TeX Live 2019/Debian) (preloaded format=pdflatex 2021.3.11)  13 MAY 2021 22:09
entering extended mode
 restricted \write18 enabled.
 %&-line parsing enabled.
**report_v2.tex
(./report_v2.tex
LaTeX2e <2020-02-02> patch level 2
L3 programming layer <2020-02-14>
(/usr/share/texlive/texmf-dist/tex/latex/base/article.cls
Document Class: article 2019/12/20 v1.4l Standard LaTeX document class
(/usr/share/texlive/texmf-dist/tex/latex/base/size10.clo
File: size10.clo 2019/12/20 v1.4l Standard LaTeX file (size option)
)
\c@part=\count167
\c@section=\count168
\c@subsection=\count169
\c@subsubsection=\count170
\c@paragraph=\count171
\c@subparagraph=\count172
\c@figure=\count173
\c@table=\count174
\abovecaptionskip=\skip47
\belowcaptionskip=\skip48
\bibindent=\dimen134
)
(/usr/share/texlive/texmf-dist/tex/latex/base/inputenc.sty
Package: inputenc 2018/08/11 v1.3c Input encoding file
\inpenc@prehook=\toks14
\inpenc@posthook=\toks15
)
(/usr/share/texlive/texmf-dist/tex/latex/graphics/graphicx.sty
Package: graphicx 2019/11/30 v1.2a Enhanced LaTeX Graphics (DPC,SPQR)

(/usr/share/texlive/texmf-dist/tex/latex/graphics/keyval.sty
Package: keyval 2014/10/28 v1.15 key=value parser (DPC)
\KV@toks@=\toks16
)
(/usr/share/texlive/texmf-dist/tex/latex/graphics/graphics.sty
Package: graphics 2019/11/30 v1.4a Standard LaTeX Graphics (DPC,SPQR)

(/usr/share/texlive/texmf-dist/tex/latex/graphics/trig.sty
Package: trig 2016/01/03 v1.10 sin cos tan (DPC)
)
(/usr/share/texlive/texmf-dist/tex/latex/graphics-cfg/graphics.cfg
File: graphics.cfg 2016/06/04 v1.11 sample graphics configuration
)
Package graphics Info: Driver file: pdftex.def on input line 105.

(/usr/share/texlive/texmf-dist/tex/latex/graphics-def/pdftex.def
File: pdftex.def 2018/01/08 v1.0l Graphics/color driver for pdftex
))
\Gin@req@height=\dimen135
\Gin@req@width=\dimen136
)
(/usr/share/texlive/texmf-dist/tex/latex/base/fontenc.sty
Package: fontenc 2020/02/11 v2.0o Standard LaTeX package
)
(/usr/share/texlive/texmf-dist/tex/latex/parskip/parskip.sty
Package: parskip 2020-01-22 v2.0d non-zero parskip adjustments

(/usr/share/texlive/texmf-dist/tex/latex/kvoptions/kvoptions.sty
Package: kvoptions 2019/11/29 v3.13 Key value format for package options (HO)

(/usr/share/texlive/texmf-dist/tex/generic/ltxcmds/ltxcmds.sty
Package: ltxcmds 2019/12/15 v1.24 LaTeX kernel commands for general use (HO)
)
(/usr/share/texlive/texmf-dist/tex/generic/kvsetkeys/kvsetkeys.sty
Package: kvsetkeys 2019/12/15 v1.18 Key value parser (HO)
))
(/usr/share/texlive/texmf-dist/tex/latex/etoolbox/etoolbox.sty
Package: etoolbox 2019/09/21 v2.5h e-TeX tools for LaTeX (JAW)
\etb@tempcnta=\count175
))
(/usr/share/texlive/texmf-dist/tex/latex/l3backend/l3backend-pdfmode.def
File: l3backend-pdfmode.def 2020-02-03 L3 backend support: PDF mode
\l__kernel_color_stack_int=\count176
\l__pdf_internal_box=\box45
)
(./report_v2.aux)
\openout1 = `report_v2.aux'.

LaTeX Font Info:    Checking defaults for OML/cmm/m/it on input line 16.
LaTeX Font Info:    ... okay on input line 16.
LaTeX Font Info:    Checking defaults for OMS/cmsy/m/n on input line 16.
LaTeX Font Info:    ... okay on input line 16.
LaTeX Font Info:    Checking defaults for OT1/cmr/m/n on input line 16.
LaTeX Font Info:    ... okay on input line 16.
LaTeX Font Info:    Checking defaults for T1/cmr/m/n on input line 16.
LaTeX Font Info:    ... okay on input line 16.
LaTeX Font Info:    Checking defaults for TS1/cmr/m/n on input line 16.
LaTeX Font Info:    ... okay on input line 16.
LaTeX Font Info:    Checking defaults for OMX/cmex/m/n on input line 16.
LaTeX Font Info:    ... okay on input line 16.
LaTeX Font Info:    Checking defaults for U/cmr/m/n on input line 16.
LaTeX Font Info:    ... okay on input line 16.

(/usr/share/texlive/texmf-dist/tex/context/base/mkii/supp-pdf.mkii
[Loading MPS to PDF converter (version 2006.09.02).]
\scratchcounter=\count177
\scratchdimen=\dimen137
\scratchbox=\box46
\nofMPsegments=\count178
\nofMParguments=\count179
\everyMPshowfont=\toks17
\MPscratchCnt=\count180
\MPscratchDim=\dimen138
\MPnumerator=\count181
\makeMPintoPDFobject=\count182
\everyMPtoPDFconversion=\toks18
) (/usr/share/texlive/texmf-dist/tex/latex/epstopdf-pkg/epstopdf-base.sty
Package: epstopdf-base 2020-01-24 v2.11 Base part for package epstopdf
Package epstopdf-base Info: Redefining graphics rule for `.eps' on input line 4
85.

(/usr/share/texlive/texmf-dist/tex/latex/latexconfig/epstopdf-sys.cfg
File: epstopdf-sys.cfg 2010/07/13 v1.3 Configuration of (r)epstopdf for TeX Liv
e
))
[1

{/var/lib/texmf/fonts/map/pdftex/updmap/pdftex.map}]
LaTeX Font Info:    External font `cmex10' loaded for size
(Font)              <12> on input line 44.
LaTeX Font Info:    External font `cmex10' loaded for size
(Font)              <8> on input line 44.
LaTeX Font Info:    External font `cmex10' loaded for size
(Font)              <6> on input line 44.
 [2]
<May5th.png, id=15, 462.528pt x 346.896pt>
File: May5th.png Graphic file (type png)
<use May5th.png>
Package pdftex.def Info: May5th.png  used on input line 83.
(pdftex.def)             Requested size: 400.75449pt x 300.57964pt.
<May6th.png, id=17, 462.528pt x 346.896pt>
File: May6th.png Graphic file (type png)
<use May6th.png>
Package pdftex.def Info: May6th.png  used on input line 91.
(pdftex.def)             Requested size: 400.75449pt x 300.57964pt.
<May7th.png, id=18, 462.528pt x 346.896pt>
File: May7th.png Graphic file (type png)
<use May7th.png>
Package pdftex.def Info: May7th.png  used on input line 99.
(pdftex.def)             Requested size: 400.75449pt x 300.57964pt.
<May8th.png, id=19, 462.528pt x 346.896pt>
File: May8th.png Graphic file (type png)
<use May8th.png>
Package pdftex.def Info: May8th.png  used on input line 107.
(pdftex.def)             Requested size: 400.75449pt x 300.57964pt.
<May9th.png, id=20, 462.528pt x 346.896pt>
File: May9th.png Graphic file (type png)
<use May9th.png>
Package pdftex.def Info: May9th.png  used on input line 115.
(pdftex.def)             Requested size: 400.75449pt x 300.57964pt.
<May10th.png, id=21, 462.528pt x 346.896pt>
File: May10th.png Graphic file (type png)
<use May10th.png>
Package pdftex.def Info: May10th.png  used on input line 123.
(pdftex.def)             Requested size: 400.75449pt x 300.57964pt.
 [3 <./May5th.png>]
[4 <./May6th.png> <./May7th.png>] [5 <./May8th.png> <./May9th.png>] [6 <./May10
th.png>] (./report_v2.aux) ) 
Here is how much of TeX's memory you used:
 2100 strings out of 483183
 28828 string characters out of 5966292
 262081 words of memory out of 5000000
 17117 multiletter control sequences out of 15000+600000
 541151 words of font info for 41 fonts, out of 8000000 for 9000
 14 hyphenation exceptions out of 8191
 30i,6n,25p,1033b,246s stack positions out of 5000i,500n,10000p,200000b,80000s
 </home/pengogh/.texlive2019/texmf-var/fonts/pk/ljf
our/jknappen/ec/ecti1000.600pk> </home/pengogh/.texlive2019/texmf-var/fonts/pk/
ljfour/jknappen/ec/ecbx1440.600pk> </home/pengogh/.texlive2019/texmf-var/fonts/
pk/ljfour/jknappen/ec/ecrm1200.600pk> </home/pengogh/.texlive2019/texmf-var/fon
ts/pk/ljfour/jknappen/ec/ecrm1728.600pk> </home/pengogh/.texlive2019/texmf-var/
fonts/pk/ljfour/jknappen/ec/ecbx1000.600pk> </home/pengogh/.texlive2019/texmf-v
ar/fonts/pk/ljfour/jknappen/ec/ecrm1000.600pk> </home/pengogh/.texlive2019/texm
f-var/fonts/pk/ljfour/jknappen/ec/ecbx1728.600pk>
Output written on report_v2.pdf (6 pages, 253655 bytes).
PDF statistics:
 250 PDF objects out of 1000 (max. 8388607)
 43 compressed objects within 1 object stream
 0 named destinations out of 1000 (max. 500000)
 31 words of extra memory for PDF output out of 10000 (max. 10000000)

